<?xml version="1.0" encoding="UTF-8"?>
<robot generator="Robot 6.1.1 (Python 3.10.12 on linux)" generated="20241116 14:16:34.432" rpa="false" schemaversion="4">
<suite id="s1" name="Register" source="/home/rautiais/palautusrepositorio/viikko3/web-login/src/tests/register.robot">
<kw name="Open And Configure Browser" library="resource" type="SETUP">
<if>
<branch type="IF" condition="$BROWSER == 'chrome'">
<kw name="Evaluate" library="BuiltIn">
<var>${options}</var>
<arg>sys.modules['selenium.webdriver'].ChromeOptions()</arg>
<arg>sys</arg>
<doc>Evaluates the given expression in Python and returns the result.</doc>
<msg timestamp="20241116 14:16:34.699" level="INFO">${options} = &lt;selenium.webdriver.chrome.options.Options object at 0x769058c7b970&gt;</msg>
<status status="PASS" starttime="20241116 14:16:34.698" endtime="20241116 14:16:34.699"/>
</kw>
<status status="PASS" starttime="20241116 14:16:34.678" endtime="20241116 14:16:34.699"/>
</branch>
<branch type="ELSE IF" condition="$BROWSER == 'firefox'">
<kw name="Evaluate" library="BuiltIn">
<var>${options}</var>
<arg>sys.modules['selenium.webdriver'].FirefoxOptions()</arg>
<arg>sys</arg>
<doc>Evaluates the given expression in Python and returns the result.</doc>
<status status="NOT RUN" starttime="20241116 14:16:34.699" endtime="20241116 14:16:34.699"/>
</kw>
<status status="NOT RUN" starttime="20241116 14:16:34.699" endtime="20241116 14:16:34.699"/>
</branch>
<status status="PASS" starttime="20241116 14:16:34.678" endtime="20241116 14:16:34.699"/>
</if>
<if>
<branch type="IF" condition="$HEADLESS == 'true'">
<kw name="Set Selenium Speed" library="SeleniumLibrary">
<arg>0</arg>
<doc>Sets the delay that is waited after each Selenium command.</doc>
<status status="NOT RUN" starttime="20241116 14:16:34.700" endtime="20241116 14:16:34.700"/>
</kw>
<kw name="Call Method" library="BuiltIn">
<arg>${options}</arg>
<arg>add_argument</arg>
<arg>--headless</arg>
<doc>Calls the named method of the given object with the provided arguments.</doc>
<status status="NOT RUN" starttime="20241116 14:16:34.700" endtime="20241116 14:16:34.700"/>
</kw>
<status status="NOT RUN" starttime="20241116 14:16:34.700" endtime="20241116 14:16:34.700"/>
</branch>
<branch type="ELSE">
<kw name="Set Selenium Speed" library="SeleniumLibrary">
<arg>${DELAY}</arg>
<doc>Sets the delay that is waited after each Selenium command.</doc>
<status status="PASS" starttime="20241116 14:16:34.700" endtime="20241116 14:16:34.701"/>
</kw>
<status status="PASS" starttime="20241116 14:16:34.700" endtime="20241116 14:16:34.701"/>
</branch>
<status status="PASS" starttime="20241116 14:16:34.700" endtime="20241116 14:16:34.701"/>
</if>
<kw name="Open Browser" library="SeleniumLibrary">
<arg>browser=${BROWSER}</arg>
<arg>options=${options}</arg>
<doc>Opens a new browser instance to the optional ``url``.</doc>
<msg timestamp="20241116 14:16:34.702" level="INFO">Opening browser 'chrome' to base url 'None'.</msg>
<msg timestamp="20241116 14:16:34.767" level="WARN">The chromedriver version (130.0.6723.91) detected in PATH at /usr/bin/chromedriver might not be compatible with the detected chrome version (131.0.6778.69); currently, chromedriver 131.0.6778.69 is recommended for chrome 131.*, so it is advised to delete the driver in PATH and retry</msg>
<status status="PASS" starttime="20241116 14:16:34.701" endtime="20241116 14:16:35.425"/>
</kw>
<status status="PASS" starttime="20241116 14:16:34.677" endtime="20241116 14:16:35.425"/>
</kw>
<test id="s1-t1" name="Login After Failed Registration" line="63">
<kw name="Reset Application Create User And Go To Register Page" type="SETUP">
<kw name="Reset Application" library="AppLibrary">
<status status="PASS" starttime="20241116 14:16:35.426" endtime="20241116 14:16:35.432"/>
</kw>
<kw name="Create User" library="AppLibrary">
<arg>kalle</arg>
<arg>kalle123</arg>
<status status="PASS" starttime="20241116 14:16:35.432" endtime="20241116 14:16:35.442"/>
</kw>
<kw name="Go To Register Page" library="resource">
<kw name="Go To" library="SeleniumLibrary">
<arg>${REGISTER_URL}</arg>
<doc>Navigates the current browser window to the provided ``url``.</doc>
<msg timestamp="20241116 14:16:35.443" level="INFO">Opening url 'http://localhost:5001/register'</msg>
<status status="PASS" starttime="20241116 14:16:35.442" endtime="20241116 14:16:36.015"/>
</kw>
<status status="PASS" starttime="20241116 14:16:35.442" endtime="20241116 14:16:36.016"/>
</kw>
<status status="PASS" starttime="20241116 14:16:35.426" endtime="20241116 14:16:36.016"/>
</kw>
<kw name="Set Username">
<arg>salaatti</arg>
<kw name="Input Text" library="SeleniumLibrary">
<arg>username</arg>
<arg>${username}</arg>
<doc>Types the given ``text`` into the text field identified by ``locator``.</doc>
<msg timestamp="20241116 14:16:36.019" level="INFO">Typing text 'salaatti' into text field 'username'.</msg>
<status status="PASS" starttime="20241116 14:16:36.017" endtime="20241116 14:16:37.687"/>
</kw>
<status status="PASS" starttime="20241116 14:16:36.016" endtime="20241116 14:16:37.687"/>
</kw>
<kw name="Set Password">
<arg>salde987</arg>
<kw name="Input Password" library="SeleniumLibrary">
<arg>password</arg>
<arg>${password}</arg>
<doc>Types the given password into the text field identified by ``locator``.</doc>
<msg timestamp="20241116 14:16:37.691" level="INFO">Typing password into text field 'password'.</msg>
<msg timestamp="20241116 14:16:38.759" level="INFO">Temporally setting log level to: NONE</msg>
<msg timestamp="20241116 14:16:39.331" level="INFO">Log level changed from NONE to INFO.</msg>
<status status="PASS" starttime="20241116 14:16:37.690" endtime="20241116 14:16:39.331"/>
</kw>
<status status="PASS" starttime="20241116 14:16:37.688" endtime="20241116 14:16:39.331"/>
</kw>
<kw name="Set Password Confirmation">
<arg>salde987</arg>
<kw name="Input Password" library="SeleniumLibrary">
<arg>password_confirmation</arg>
<arg>${password_confirmation}</arg>
<doc>Types the given password into the text field identified by ``locator``.</doc>
<msg timestamp="20241116 14:16:39.334" level="INFO">Typing password into text field 'password_confirmation'.</msg>
<msg timestamp="20241116 14:16:40.413" level="INFO">Temporally setting log level to: NONE</msg>
<msg timestamp="20241116 14:16:40.983" level="INFO">Log level changed from NONE to INFO.</msg>
<status status="PASS" starttime="20241116 14:16:39.333" endtime="20241116 14:16:40.984"/>
</kw>
<status status="PASS" starttime="20241116 14:16:39.332" endtime="20241116 14:16:40.984"/>
</kw>
<kw name="Submit Information">
<kw name="Click Button" library="SeleniumLibrary">
<arg>Register</arg>
<doc>Clicks the button identified by ``locator``.</doc>
<msg timestamp="20241116 14:16:40.987" level="INFO">Clicking button 'Register'.</msg>
<status status="PASS" starttime="20241116 14:16:40.986" endtime="20241116 14:16:43.149"/>
</kw>
<status status="PASS" starttime="20241116 14:16:40.985" endtime="20241116 14:16:43.150"/>
</kw>
<kw name="Go To Login Page" library="resource">
<kw name="Go To" library="SeleniumLibrary">
<arg>${LOGIN_URL}</arg>
<doc>Navigates the current browser window to the provided ``url``.</doc>
<msg timestamp="20241116 14:16:43.152" level="INFO">Opening url 'http://localhost:5001/login'</msg>
<status status="PASS" starttime="20241116 14:16:43.151" endtime="20241116 14:16:43.711"/>
</kw>
<status status="PASS" starttime="20241116 14:16:43.150" endtime="20241116 14:16:43.711"/>
</kw>
<kw name="Set Username">
<arg>salaatti</arg>
<kw name="Input Text" library="SeleniumLibrary">
<arg>username</arg>
<arg>${username}</arg>
<doc>Types the given ``text`` into the text field identified by ``locator``.</doc>
<msg timestamp="20241116 14:16:43.714" level="INFO">Typing text 'salaatti' into text field 'username'.</msg>
<status status="PASS" starttime="20241116 14:16:43.713" endtime="20241116 14:16:45.357"/>
</kw>
<status status="PASS" starttime="20241116 14:16:43.712" endtime="20241116 14:16:45.357"/>
</kw>
<kw name="Set Password">
<arg>salde9878</arg>
<kw name="Input Password" library="SeleniumLibrary">
<arg>password</arg>
<arg>${password}</arg>
<doc>Types the given password into the text field identified by ``locator``.</doc>
<msg timestamp="20241116 14:16:45.360" level="INFO">Typing password into text field 'password'.</msg>
<msg timestamp="20241116 14:16:46.424" level="INFO">Temporally setting log level to: NONE</msg>
<msg timestamp="20241116 14:16:47.013" level="INFO">Log level changed from NONE to INFO.</msg>
<status status="PASS" starttime="20241116 14:16:45.359" endtime="20241116 14:16:47.013"/>
</kw>
<status status="PASS" starttime="20241116 14:16:45.358" endtime="20241116 14:16:47.014"/>
</kw>
<kw name="Submit Credentials">
<kw name="Click Button" library="SeleniumLibrary">
<arg>Login</arg>
<doc>Clicks the button identified by ``locator``.</doc>
<msg timestamp="20241116 14:16:47.017" level="INFO">Clicking button 'Login'.</msg>
<status status="PASS" starttime="20241116 14:16:47.015" endtime="20241116 14:16:49.153"/>
</kw>
<status status="PASS" starttime="20241116 14:16:47.014" endtime="20241116 14:16:49.153"/>
</kw>
<kw name="Login Should Fail With Message">
<arg>Invalid username or password</arg>
<kw name="Login Page Should Be Open" library="resource">
<kw name="Title Should Be" library="SeleniumLibrary">
<arg>Login</arg>
<doc>Verifies that the current page title equals ``title``.</doc>
<msg timestamp="20241116 14:16:49.667" level="INFO">Page title is 'Login'.</msg>
<status status="PASS" starttime="20241116 14:16:49.155" endtime="20241116 14:16:49.668"/>
</kw>
<status status="PASS" starttime="20241116 14:16:49.154" endtime="20241116 14:16:49.668"/>
</kw>
<kw name="Page Should Contain" library="SeleniumLibrary">
<arg>${message}</arg>
<doc>Verifies that current page contains ``text``.</doc>
<msg timestamp="20241116 14:16:50.713" level="INFO">Current page contains text 'Invalid username or password'.</msg>
<status status="PASS" starttime="20241116 14:16:49.669" endtime="20241116 14:16:50.714"/>
</kw>
<status status="PASS" starttime="20241116 14:16:49.154" endtime="20241116 14:16:50.714"/>
</kw>
<status status="PASS" starttime="20241116 14:16:35.425" endtime="20241116 14:16:50.714"/>
</test>
<kw name="Close Browser" library="SeleniumLibrary" type="TEARDOWN">
<doc>Closes the current browser.</doc>
<status status="PASS" starttime="20241116 14:16:50.716" endtime="20241116 14:16:51.290"/>
</kw>
<status status="PASS" starttime="20241116 14:16:34.433" endtime="20241116 14:16:51.290"/>
</suite>
<statistics>
<total>
<stat pass="1" fail="0" skip="0">All Tests</stat>
</total>
<tag>
</tag>
<suite>
<stat pass="1" fail="0" skip="0" id="s1" name="Register">Register</stat>
</suite>
</statistics>
<errors>
<msg timestamp="20241116 14:16:34.676" level="ERROR">Error in file '/home/rautiais/palautusrepositorio/viikko3/web-login/src/tests/login.robot' on line 3: Setting 'Suite Setup' is not allowed in resource file.</msg>
<msg timestamp="20241116 14:16:34.676" level="ERROR">Error in file '/home/rautiais/palautusrepositorio/viikko3/web-login/src/tests/login.robot' on line 4: Setting 'Suite Teardown' is not allowed in resource file.</msg>
<msg timestamp="20241116 14:16:34.676" level="ERROR">Error in file '/home/rautiais/palautusrepositorio/viikko3/web-login/src/tests/login.robot' on line 5: Setting 'Test Setup' is not allowed in resource file.</msg>
<msg timestamp="20241116 14:16:34.676" level="ERROR">Error in file '/home/rautiais/palautusrepositorio/viikko3/web-login/src/tests/register.robot' on line 3: Error in file '/home/rautiais/palautusrepositorio/viikko3/web-login/src/tests/login.robot' on line 7: Resource file with 'Test Cases' section is invalid.</msg>
<msg timestamp="20241116 14:16:34.767" level="WARN">The chromedriver version (130.0.6723.91) detected in PATH at /usr/bin/chromedriver might not be compatible with the detected chrome version (131.0.6778.69); currently, chromedriver 131.0.6778.69 is recommended for chrome 131.*, so it is advised to delete the driver in PATH and retry</msg>
</errors>
</robot>
